<?xml version="1.0" encoding="utf-8"?>
<CoverageSession>
  <Summary numSequencePoints="32" visitedSequencePoints="32" numBranchPoints="0" visitedBranchPoints="0" sequenceCoverage="100" branchCoverage="100" maxCyclomaticComplexity="8" minCyclomaticComplexity="8" visitedClasses="4" numClasses="4" visitedMethods="8" numMethods="8" />
  <Modules>
    <Module hash="4AAD7900-3671-48F3-ABD5-2DD154E0701B">
      <ModulePath>FirstLib.dll</ModulePath>
      <ModuleTime>2020-09-08T09:14:15</ModuleTime>
      <ModuleName>FirstLib</ModuleName>
      <Files>
        <File uid="1" fullPath="C:\Users\dell\Desktop\dotNetDemo\FirstLib\Addition.cs" />
        <File uid="2" fullPath="C:\Users\dell\Desktop\dotNetDemo\FirstLib\Division.cs" />
        <File uid="3" fullPath="C:\Users\dell\Desktop\dotNetDemo\FirstLib\Multiplication.cs" />
        <File uid="4" fullPath="C:\Users\dell\Desktop\dotNetDemo\FirstLib\Subtraction.cs" />
      </Files>
      <Classes>
        <Class>
          <Summary numSequencePoints="8" visitedSequencePoints="8" numBranchPoints="0" visitedBranchPoints="0" sequenceCoverage="100" branchCoverage="100" maxCyclomaticComplexity="1" minCyclomaticComplexity="1" visitedClasses="1" numClasses="1" visitedMethods="2" numMethods="2" />
          <FullName>FirstLib.Addition</FullName>
          <Methods>
            <Method cyclomaticComplexity="1" nPathComplexity="0" sequenceCoverage="100" branchCoverage="100" isConstructor="False" isGetter="False" isSetter="False" isStatic="True">
              <Summary numSequencePoints="3" visitedSequencePoints="3" numBranchPoints="0" visitedBranchPoints="0" sequenceCoverage="100" branchCoverage="100" maxCyclomaticComplexity="1" minCyclomaticComplexity="1" visitedClasses="0" numClasses="0" visitedMethods="1" numMethods="1" />
              <MetadataToken />
              <Name>System.Double FirstLib.Addition::calculate()</Name>
              <FileRef uid="1" />
              <SequencePoints>
                <SequencePoint vc="1" uspid="15" ordinal="0" sl="15" sc="1" el="15" ec="2" bec="0" bev="0" fileid="1" />
                <SequencePoint vc="1" uspid="16" ordinal="1" sl="16" sc="1" el="16" ec="2" bec="0" bev="0" fileid="1" />
                <SequencePoint vc="1" uspid="17" ordinal="2" sl="17" sc="1" el="17" ec="2" bec="0" bev="0" fileid="1" />
              </SequencePoints>
              <BranchPoints />
              <MethodPoint vc="3" uspid="0" p8:type="SequencePoint" ordinal="0" offset="0" sc="0" sl="15" ec="1" el="17" bec="0" bev="0" fileid="1" xmlns:p8="xsi" />
            </Method>
            <Method cyclomaticComplexity="1" nPathComplexity="0" sequenceCoverage="100" branchCoverage="100" isConstructor="True" isGetter="False" isSetter="False" isStatic="True">
              <Summary numSequencePoints="5" visitedSequencePoints="5" numBranchPoints="0" visitedBranchPoints="0" sequenceCoverage="100" branchCoverage="100" maxCyclomaticComplexity="1" minCyclomaticComplexity="1" visitedClasses="0" numClasses="0" visitedMethods="1" numMethods="1" />
              <MetadataToken />
              <Name>System.Void FirstLib.Addition::.ctor(System.Double,System.Double)</Name>
              <FileRef uid="1" />
              <SequencePoints>
                <SequencePoint vc="1" uspid="8" ordinal="0" sl="8" sc="1" el="8" ec="2" bec="0" bev="0" fileid="1" />
                <SequencePoint vc="1" uspid="9" ordinal="1" sl="9" sc="1" el="9" ec="2" bec="0" bev="0" fileid="1" />
                <SequencePoint vc="1" uspid="10" ordinal="2" sl="10" sc="1" el="10" ec="2" bec="0" bev="0" fileid="1" />
                <SequencePoint vc="1" uspid="11" ordinal="3" sl="11" sc="1" el="11" ec="2" bec="0" bev="0" fileid="1" />
                <SequencePoint vc="1" uspid="12" ordinal="4" sl="12" sc="1" el="12" ec="2" bec="0" bev="0" fileid="1" />
              </SequencePoints>
              <BranchPoints />
              <MethodPoint vc="5" uspid="0" p8:type="SequencePoint" ordinal="1" offset="1" sc="0" sl="8" ec="1" el="12" bec="0" bev="0" fileid="1" xmlns:p8="xsi" />
            </Method>
          </Methods>
        </Class>
        <Class>
          <Summary numSequencePoints="8" visitedSequencePoints="8" numBranchPoints="0" visitedBranchPoints="0" sequenceCoverage="100" branchCoverage="100" maxCyclomaticComplexity="1" minCyclomaticComplexity="1" visitedClasses="1" numClasses="1" visitedMethods="2" numMethods="2" />
          <FullName>FirstLib.Division</FullName>
          <Methods>
            <Method cyclomaticComplexity="1" nPathComplexity="0" sequenceCoverage="100" branchCoverage="100" isConstructor="False" isGetter="False" isSetter="False" isStatic="True">
              <Summary numSequencePoints="3" visitedSequencePoints="3" numBranchPoints="0" visitedBranchPoints="0" sequenceCoverage="100" branchCoverage="100" maxCyclomaticComplexity="1" minCyclomaticComplexity="1" visitedClasses="0" numClasses="0" visitedMethods="1" numMethods="1" />
              <MetadataToken />
              <Name>System.Double FirstLib.Division::calculate()</Name>
              <FileRef uid="2" />
              <SequencePoints>
                <SequencePoint vc="1" uspid="17" ordinal="0" sl="17" sc="1" el="17" ec="2" bec="0" bev="0" fileid="2" />
                <SequencePoint vc="1" uspid="18" ordinal="1" sl="18" sc="1" el="18" ec="2" bec="0" bev="0" fileid="2" />
                <SequencePoint vc="1" uspid="19" ordinal="2" sl="19" sc="1" el="19" ec="2" bec="0" bev="0" fileid="2" />
              </SequencePoints>
              <BranchPoints />
              <MethodPoint vc="3" uspid="0" p8:type="SequencePoint" ordinal="0" offset="0" sc="0" sl="17" ec="1" el="19" bec="0" bev="0" fileid="2" xmlns:p8="xsi" />
            </Method>
            <Method cyclomaticComplexity="1" nPathComplexity="0" sequenceCoverage="100" branchCoverage="100" isConstructor="True" isGetter="False" isSetter="False" isStatic="True">
              <Summary numSequencePoints="5" visitedSequencePoints="5" numBranchPoints="0" visitedBranchPoints="0" sequenceCoverage="100" branchCoverage="100" maxCyclomaticComplexity="1" minCyclomaticComplexity="1" visitedClasses="0" numClasses="0" visitedMethods="1" numMethods="1" />
              <MetadataToken />
              <Name>System.Void FirstLib.Division::.ctor(System.Double,System.Double)</Name>
              <FileRef uid="2" />
              <SequencePoints>
                <SequencePoint vc="1" uspid="10" ordinal="0" sl="10" sc="1" el="10" ec="2" bec="0" bev="0" fileid="2" />
                <SequencePoint vc="1" uspid="11" ordinal="1" sl="11" sc="1" el="11" ec="2" bec="0" bev="0" fileid="2" />
                <SequencePoint vc="1" uspid="12" ordinal="2" sl="12" sc="1" el="12" ec="2" bec="0" bev="0" fileid="2" />
                <SequencePoint vc="1" uspid="13" ordinal="3" sl="13" sc="1" el="13" ec="2" bec="0" bev="0" fileid="2" />
                <SequencePoint vc="1" uspid="14" ordinal="4" sl="14" sc="1" el="14" ec="2" bec="0" bev="0" fileid="2" />
              </SequencePoints>
              <BranchPoints />
              <MethodPoint vc="5" uspid="0" p8:type="SequencePoint" ordinal="1" offset="1" sc="0" sl="10" ec="1" el="14" bec="0" bev="0" fileid="2" xmlns:p8="xsi" />
            </Method>
          </Methods>
        </Class>
        <Class>
          <Summary numSequencePoints="8" visitedSequencePoints="8" numBranchPoints="0" visitedBranchPoints="0" sequenceCoverage="100" branchCoverage="100" maxCyclomaticComplexity="1" minCyclomaticComplexity="1" visitedClasses="1" numClasses="1" visitedMethods="2" numMethods="2" />
          <FullName>FirstLib.Multiplication</FullName>
          <Methods>
            <Method cyclomaticComplexity="1" nPathComplexity="0" sequenceCoverage="100" branchCoverage="100" isConstructor="False" isGetter="False" isSetter="False" isStatic="True">
              <Summary numSequencePoints="3" visitedSequencePoints="3" numBranchPoints="0" visitedBranchPoints="0" sequenceCoverage="100" branchCoverage="100" maxCyclomaticComplexity="1" minCyclomaticComplexity="1" visitedClasses="0" numClasses="0" visitedMethods="1" numMethods="1" />
              <MetadataToken />
              <Name>System.Double FirstLib.Multiplication::calculate()</Name>
              <FileRef uid="3" />
              <SequencePoints>
                <SequencePoint vc="1" uspid="17" ordinal="0" sl="17" sc="1" el="17" ec="2" bec="0" bev="0" fileid="3" />
                <SequencePoint vc="1" uspid="18" ordinal="1" sl="18" sc="1" el="18" ec="2" bec="0" bev="0" fileid="3" />
                <SequencePoint vc="1" uspid="19" ordinal="2" sl="19" sc="1" el="19" ec="2" bec="0" bev="0" fileid="3" />
              </SequencePoints>
              <BranchPoints />
              <MethodPoint vc="3" uspid="0" p8:type="SequencePoint" ordinal="0" offset="0" sc="0" sl="17" ec="1" el="19" bec="0" bev="0" fileid="3" xmlns:p8="xsi" />
            </Method>
            <Method cyclomaticComplexity="1" nPathComplexity="0" sequenceCoverage="100" branchCoverage="100" isConstructor="True" isGetter="False" isSetter="False" isStatic="True">
              <Summary numSequencePoints="5" visitedSequencePoints="5" numBranchPoints="0" visitedBranchPoints="0" sequenceCoverage="100" branchCoverage="100" maxCyclomaticComplexity="1" minCyclomaticComplexity="1" visitedClasses="0" numClasses="0" visitedMethods="1" numMethods="1" />
              <MetadataToken />
              <Name>System.Void FirstLib.Multiplication::.ctor(System.Double,System.Double)</Name>
              <FileRef uid="3" />
              <SequencePoints>
                <SequencePoint vc="1" uspid="10" ordinal="0" sl="10" sc="1" el="10" ec="2" bec="0" bev="0" fileid="3" />
                <SequencePoint vc="1" uspid="11" ordinal="1" sl="11" sc="1" el="11" ec="2" bec="0" bev="0" fileid="3" />
                <SequencePoint vc="1" uspid="12" ordinal="2" sl="12" sc="1" el="12" ec="2" bec="0" bev="0" fileid="3" />
                <SequencePoint vc="1" uspid="13" ordinal="3" sl="13" sc="1" el="13" ec="2" bec="0" bev="0" fileid="3" />
                <SequencePoint vc="1" uspid="14" ordinal="4" sl="14" sc="1" el="14" ec="2" bec="0" bev="0" fileid="3" />
              </SequencePoints>
              <BranchPoints />
              <MethodPoint vc="5" uspid="0" p8:type="SequencePoint" ordinal="1" offset="1" sc="0" sl="10" ec="1" el="14" bec="0" bev="0" fileid="3" xmlns:p8="xsi" />
            </Method>
          </Methods>
        </Class>
        <Class>
          <Summary numSequencePoints="8" visitedSequencePoints="8" numBranchPoints="0" visitedBranchPoints="0" sequenceCoverage="100" branchCoverage="100" maxCyclomaticComplexity="1" minCyclomaticComplexity="1" visitedClasses="1" numClasses="1" visitedMethods="2" numMethods="2" />
          <FullName>FirstLib.Subtraction</FullName>
          <Methods>
            <Method cyclomaticComplexity="1" nPathComplexity="0" sequenceCoverage="100" branchCoverage="100" isConstructor="False" isGetter="False" isSetter="False" isStatic="True">
              <Summary numSequencePoints="3" visitedSequencePoints="3" numBranchPoints="0" visitedBranchPoints="0" sequenceCoverage="100" branchCoverage="100" maxCyclomaticComplexity="1" minCyclomaticComplexity="1" visitedClasses="0" numClasses="0" visitedMethods="1" numMethods="1" />
              <MetadataToken />
              <Name>System.Double FirstLib.Subtraction::calculate()</Name>
              <FileRef uid="4" />
              <SequencePoints>
                <SequencePoint vc="1" uspid="17" ordinal="0" sl="17" sc="1" el="17" ec="2" bec="0" bev="0" fileid="4" />
                <SequencePoint vc="1" uspid="18" ordinal="1" sl="18" sc="1" el="18" ec="2" bec="0" bev="0" fileid="4" />
                <SequencePoint vc="1" uspid="19" ordinal="2" sl="19" sc="1" el="19" ec="2" bec="0" bev="0" fileid="4" />
              </SequencePoints>
              <BranchPoints />
              <MethodPoint vc="3" uspid="0" p8:type="SequencePoint" ordinal="0" offset="0" sc="0" sl="17" ec="1" el="19" bec="0" bev="0" fileid="4" xmlns:p8="xsi" />
            </Method>
            <Method cyclomaticComplexity="1" nPathComplexity="0" sequenceCoverage="100" branchCoverage="100" isConstructor="True" isGetter="False" isSetter="False" isStatic="True">
              <Summary numSequencePoints="5" visitedSequencePoints="5" numBranchPoints="0" visitedBranchPoints="0" sequenceCoverage="100" branchCoverage="100" maxCyclomaticComplexity="1" minCyclomaticComplexity="1" visitedClasses="0" numClasses="0" visitedMethods="1" numMethods="1" />
              <MetadataToken />
              <Name>System.Void FirstLib.Subtraction::.ctor(System.Double,System.Double)</Name>
              <FileRef uid="4" />
              <SequencePoints>
                <SequencePoint vc="1" uspid="10" ordinal="0" sl="10" sc="1" el="10" ec="2" bec="0" bev="0" fileid="4" />
                <SequencePoint vc="1" uspid="11" ordinal="1" sl="11" sc="1" el="11" ec="2" bec="0" bev="0" fileid="4" />
                <SequencePoint vc="1" uspid="12" ordinal="2" sl="12" sc="1" el="12" ec="2" bec="0" bev="0" fileid="4" />
                <SequencePoint vc="1" uspid="13" ordinal="3" sl="13" sc="1" el="13" ec="2" bec="0" bev="0" fileid="4" />
                <SequencePoint vc="1" uspid="14" ordinal="4" sl="14" sc="1" el="14" ec="2" bec="0" bev="0" fileid="4" />
              </SequencePoints>
              <BranchPoints />
              <MethodPoint vc="5" uspid="0" p8:type="SequencePoint" ordinal="1" offset="1" sc="0" sl="10" ec="1" el="14" bec="0" bev="0" fileid="4" xmlns:p8="xsi" />
            </Method>
          </Methods>
        </Class>
      </Classes>
    </Module>
  </Modules>
</CoverageSession>